2020-04-26 21:57:24.656  INFO 62575 --- [restartedMain] com.semaneiro.RaceStatsPollingJob        : Starting RaceStatsPollingJob on Sebastians-MacBook-Pro.local with PID 62575 (/Users/sebamaneiro/Documents/Git_me/target/classes started by sebamaneiro in /Users/sebamaneiro/Documents/Git_me)
2020-04-26 21:57:24.661  INFO 62575 --- [restartedMain] com.semaneiro.RaceStatsPollingJob        : No active profile set, falling back to default profiles: default
2020-04-26 21:57:24.698  INFO 62575 --- [restartedMain] .e.DevToolsPropertyDefaultsPostProcessor : Devtools property defaults active! Set 'spring.devtools.add-properties' to 'false' to disable
2020-04-26 21:57:24.698  INFO 62575 --- [restartedMain] .e.DevToolsPropertyDefaultsPostProcessor : For additional web related logging consider setting the 'logging.level.web' property to 'DEBUG'
2020-04-26 21:57:25.415  INFO 62575 --- [restartedMain] .s.d.r.c.RepositoryConfigurationDelegate : Bootstrapping Spring Data MongoDB repositories in DEFAULT mode.
2020-04-26 21:57:25.426 DEBUG 62575 --- [restartedMain] .s.d.r.c.RepositoryConfigurationDelegate : Scanning for MongoDB repositories in packages com.semaneiro.
2020-04-26 21:57:25.432  INFO 62575 --- [restartedMain] .s.d.r.c.RepositoryConfigurationDelegate : Finished Spring Data repository scanning in 5ms. Found 0 MongoDB repository interfaces.
2020-04-26 21:57:25.823  INFO 62575 --- [restartedMain] o.s.b.w.embedded.tomcat.TomcatWebServer  : Tomcat initialized with port(s): 8080 (http)
2020-04-26 21:57:25.830  INFO 62575 --- [restartedMain] o.apache.catalina.core.StandardService   : Starting service [Tomcat]
2020-04-26 21:57:25.831  INFO 62575 --- [restartedMain] org.apache.catalina.core.StandardEngine  : Starting Servlet engine: [Apache Tomcat/9.0.33]
2020-04-26 21:57:25.925  INFO 62575 --- [restartedMain] o.a.c.c.C.[Tomcat].[localhost].[/]       : Initializing Spring embedded WebApplicationContext
2020-04-26 21:57:25.925  INFO 62575 --- [restartedMain] o.s.web.context.ContextLoader            : Root WebApplicationContext: initialization completed in 1227 ms
2020-04-26 21:57:26.199  INFO 62575 --- [restartedMain] org.mongodb.driver.cluster               : Cluster created with settings {hosts=[localhost:27017], mode=MULTIPLE, requiredClusterType=UNKNOWN, serverSelectionTimeout='30000 ms', maxWaitQueueSize=500}
2020-04-26 21:57:26.200  INFO 62575 --- [restartedMain] org.mongodb.driver.cluster               : Adding discovered server localhost:27017 to client view of cluster
2020-04-26 21:57:26.236  INFO 62575 --- [cluster-ClusterId{value='5ea5e7a64efa2a75f145e59a', description='null'}-localhost:27017] org.mongodb.driver.connection            : Opened connection [connectionId{localValue:1, serverValue:13}] to localhost:27017
2020-04-26 21:57:26.241  INFO 62575 --- [cluster-ClusterId{value='5ea5e7a64efa2a75f145e59a', description='null'}-localhost:27017] org.mongodb.driver.cluster               : Monitor thread successfully connected to server with description ServerDescription{address=localhost:27017, type=STANDALONE, state=CONNECTED, ok=true, version=ServerVersion{versionList=[4, 2, 3]}, minWireVersion=0, maxWireVersion=8, maxDocumentSize=16777216, logicalSessionTimeoutMinutes=30, roundTripTimeNanos=2294118}
2020-04-26 21:57:26.242  INFO 62575 --- [cluster-ClusterId{value='5ea5e7a64efa2a75f145e59a', description='null'}-localhost:27017] org.mongodb.driver.cluster               : Discovered cluster type of STANDALONE
2020-04-26 21:57:26.286 DEBUG 62575 --- [restartedMain] o.s.data.convert.CustomConversions       : Registering converter from class java.time.LocalDateTime to class java.time.Instant as reading converter although it doesn't convert from a store-supported type! You might want to check your annotation setup at the converter implementation.
2020-04-26 21:57:26.287 DEBUG 62575 --- [restartedMain] o.s.data.convert.CustomConversions       : Registering converter from class java.time.Instant to class java.time.LocalDateTime as reading converter although it doesn't convert from a store-supported type! You might want to check your annotation setup at the converter implementation.
2020-04-26 21:57:26.350 DEBUG 62575 --- [restartedMain] o.s.data.convert.CustomConversions       : Registering converter from class java.time.LocalDateTime to class java.time.Instant as reading converter although it doesn't convert from a store-supported type! You might want to check your annotation setup at the converter implementation.
2020-04-26 21:57:26.350 DEBUG 62575 --- [restartedMain] o.s.data.convert.CustomConversions       : Registering converter from class java.time.Instant to class java.time.LocalDateTime as reading converter although it doesn't convert from a store-supported type! You might want to check your annotation setup at the converter implementation.
2020-04-26 21:57:26.374 DEBUG 62575 --- [restartedMain] .m.c.i.MongoPersistentEntityIndexCreator : Analyzing class class com.semaneiro.service.model.Horse for index information.
2020-04-26 21:57:26.374 DEBUG 62575 --- [restartedMain] .m.c.i.MongoPersistentEntityIndexCreator : Analyzing class class com.semaneiro.dal.model.EventRaceData for index information.
2020-04-26 21:57:26.515  INFO 62575 --- [restartedMain] o.s.b.d.a.OptionalLiveReloadServer       : LiveReload server is running on port 35729
2020-04-26 21:57:26.757  INFO 62575 --- [restartedMain] o.s.s.concurrent.ThreadPoolTaskExecutor  : Initializing ExecutorService 'applicationTaskExecutor'
2020-04-26 21:57:26.947  INFO 62575 --- [restartedMain] o.s.s.c.ThreadPoolTaskScheduler          : Initializing ExecutorService 'taskScheduler'
2020-04-26 21:57:26.964  INFO 62575 --- [restartedMain] o.s.b.a.e.web.EndpointLinksResolver      : Exposing 2 endpoint(s) beneath base path '/actuator'
2020-04-26 21:57:27.009  INFO 62575 --- [scheduling-1] com.semaneiro.job.PollingJob             : Last fetched event: 21:57:27 2020.04. 26
2020-04-26 21:57:27.033  INFO 62575 --- [restartedMain] o.s.b.w.embedded.tomcat.TomcatWebServer  : Tomcat started on port(s): 8080 (http) with context path ''
2020-04-26 21:57:27.040  INFO 62575 --- [restartedMain] com.semaneiro.RaceStatsPollingJob        : Started RaceStatsPollingJob in 2.702 seconds (JVM running for 3.434)
2020-04-26 21:57:29.215  INFO 62575 --- [RMI TCP Connection(1)-127.0.0.1] o.a.c.c.C.[Tomcat].[localhost].[/]       : Initializing Spring DispatcherServlet 'dispatcherServlet'
2020-04-26 21:57:29.215  INFO 62575 --- [RMI TCP Connection(1)-127.0.0.1] o.s.web.servlet.DispatcherServlet        : Initializing Servlet 'dispatcherServlet'
2020-04-26 21:57:29.222  INFO 62575 --- [RMI TCP Connection(1)-127.0.0.1] o.s.web.servlet.DispatcherServlet        : Completed initialization in 7 ms
2020-04-26 21:57:42.240  INFO 62575 --- [scheduling-1] c.s.service.RaceDataFetchingService      : The request returned a response code 204 :NO_CONTENT
2020-04-26 21:57:45.241  INFO 62575 --- [scheduling-1] com.semaneiro.job.PollingJob             : Last fetched event: 21:57:45 2020.04. 26
2020-04-26 21:57:58.244 DEBUG 62575 --- [scheduling-1] o.s.data.mongodb.core.MongoTemplate      : Saving Document containing fields: [_id, event, horse, time, _class]
2020-04-26 21:57:58.265  INFO 62575 --- [scheduling-1] org.mongodb.driver.connection            : Opened connection [connectionId{localValue:2, serverValue:14}] to localhost:27017
2020-04-26 21:57:58.280  INFO 62575 --- [scheduling-1] c.s.service.RaceDataFetchingService      : ResponseData was saved to DB:{
  "event" : "start",
  "horse" : {
    "id" : 6,
    "horse" : "Starbolt"
  },
  "time" : "0"
}
2020-04-26 21:58:01.282  INFO 62575 --- [scheduling-1] com.semaneiro.job.PollingJob             : Last fetched event: 21:58:01 2020.04. 26
2020-04-26 21:58:09.677 DEBUG 62575 --- [scheduling-1] o.s.data.mongodb.core.MongoTemplate      : Saving Document containing fields: [_id, event, horse, time, _class]
2020-04-26 21:58:09.680  INFO 62575 --- [scheduling-1] c.s.service.RaceDataFetchingService      : ResponseData was saved to DB:{
  "event" : "finish",
  "horse" : {
    "id" : 5,
    "horse" : "Colby"
  },
  "time" : "11492"
}
